03-14 14:58:03 com_github_MitjaNemec_Archive3DModels.action_archive_3d_models 238:Plugin executed on: 'win32'
03-14 14:58:03 com_github_MitjaNemec_Archive3DModels.action_archive_3d_models 239:Plugin executed with python version: '3.11.5 (main, Nov  6 2025, 07:48:09) [MSC v.1944 64 bit (AMD64)]'
03-14 14:58:03 com_github_MitjaNemec_Archive3DModels.action_archive_3d_models 240:KiCad build version: 9.0.7
03-14 14:58:03 com_github_MitjaNemec_Archive3DModels.action_archive_3d_models 241:Plugin version: 1.0.15
03-14 14:58:03 com_github_MitjaNemec_Archive3DModels.action_archive_3d_models 246:Screen sizes: [wx.Size(1920, 1200), wx.Size(3840, 2160)]
03-14 14:58:03 com_github_MitjaNemec_Archive3DModels.action_archive_3d_models 253:Dialog size: wx.Size(213, 81)
03-14 14:58:03 com_github_MitjaNemec_Archive3DModels.action_archive_3d_models 255:Char size: 25
03-14 14:58:04 com_github_MitjaNemec_Archive3DModels.archive_3d_models 30:Starting to archive 3D models
03-14 14:58:04 com_github_MitjaNemec_Archive3DModels.archive_3d_models 51:Getting 3D models for footprint of: C6
03-14 14:58:04 com_github_MitjaNemec_Archive3DModels.archive_3d_models 63:Trying to copy: ${KIPRJMOD}/packages3D/C_0805_2012Metric.wrl
03-14 14:58:04 com_github_MitjaNemec_Archive3DModels.archive_3d_models 150:Remapping: ${KIPRJMOD}/packages3D/C_0805_2012Metric.wrl
03-14 14:58:04 com_github_MitjaNemec_Archive3DModels.archive_3d_models 51:Getting 3D models for footprint of: L1
03-14 14:58:04 com_github_MitjaNemec_Archive3DModels.archive_3d_models 63:Trying to copy: ${KIPRJMOD}/packages3D/LED_1210_3225Metric.wrl
03-14 14:58:04 com_github_MitjaNemec_Archive3DModels.archive_3d_models 150:Remapping: ${KIPRJMOD}/packages3D/LED_1210_3225Metric.wrl
03-14 14:58:04 com_github_MitjaNemec_Archive3DModels.archive_3d_models 51:Getting 3D models for footprint of: L2
03-14 14:58:04 com_github_MitjaNemec_Archive3DModels.archive_3d_models 63:Trying to copy: ${KIPRJMOD}/packages3D/LED_1210_3225Metric.wrl
03-14 14:58:04 com_github_MitjaNemec_Archive3DModels.archive_3d_models 150:Remapping: ${KIPRJMOD}/packages3D/LED_1210_3225Metric.wrl
03-14 14:58:04 com_github_MitjaNemec_Archive3DModels.archive_3d_models 51:Getting 3D models for footprint of: R3
03-14 14:58:04 com_github_MitjaNemec_Archive3DModels.archive_3d_models 63:Trying to copy: ${KIPRJMOD}/packages3D/R_1206_3216Metric.wrl
03-14 14:58:04 com_github_MitjaNemec_Archive3DModels.archive_3d_models 150:Remapping: ${KIPRJMOD}/packages3D/R_1206_3216Metric.wrl
03-14 14:58:04 com_github_MitjaNemec_Archive3DModels.archive_3d_models 51:Getting 3D models for footprint of: REF**
03-14 14:58:04 com_github_MitjaNemec_Archive3DModels.archive_3d_models 51:Getting 3D models for footprint of: TACTIL_SWITCH1
03-14 14:58:04 com_github_MitjaNemec_Archive3DModels.archive_3d_models 63:Trying to copy: ${KIPRJMOD}/packages3D/Tactal Switch - SMD 6x6x5.stp
03-14 14:58:04 com_github_MitjaNemec_Archive3DModels.archive_3d_models 150:Remapping: ${KIPRJMOD}/packages3D/Tactal Switch - SMD 6x6x5.stp
03-14 14:58:04 com_github_MitjaNemec_Archive3DModels.archive_3d_models 51:Getting 3D models for footprint of: REGULADOR_3V3
03-14 14:58:04 com_github_MitjaNemec_Archive3DModels.archive_3d_models 63:Trying to copy: ${KIPRJMOD}/packages3D/AMS1117_3V3_axisY.step
03-14 14:58:04 com_github_MitjaNemec_Archive3DModels.archive_3d_models 150:Remapping: ${KIPRJMOD}/packages3D/AMS1117_3V3_axisY.step
03-14 14:58:04 com_github_MitjaNemec_Archive3DModels.archive_3d_models 51:Getting 3D models for footprint of: BARRA_DE_PINO1
03-14 14:58:04 com_github_MitjaNemec_Archive3DModels.archive_3d_models 63:Trying to copy: ${KIPRJMOD}/packages3D/PinHeader_1x02_P2.54mm_Vertical.wrl
03-14 14:58:04 com_github_MitjaNemec_Archive3DModels.archive_3d_models 150:Remapping: ${KIPRJMOD}/packages3D/PinHeader_1x02_P2.54mm_Vertical.wrl
03-14 14:58:04 com_github_MitjaNemec_Archive3DModels.archive_3d_models 51:Getting 3D models for footprint of: C1
03-14 14:58:04 com_github_MitjaNemec_Archive3DModels.archive_3d_models 63:Trying to copy: ${KIPRJMOD}/packages3D/CP_Elec_4x5.4.wrl
03-14 14:58:04 com_github_MitjaNemec_Archive3DModels.archive_3d_models 150:Remapping: ${KIPRJMOD}/packages3D/CP_Elec_4x5.4.wrl
03-14 14:58:04 com_github_MitjaNemec_Archive3DModels.archive_3d_models 51:Getting 3D models for footprint of: CONECTOR1
03-14 14:58:04 com_github_MitjaNemec_Archive3DModels.archive_3d_models 63:Trying to copy: ${KIPRJMOD}/packages3D/BarrelJack_Horizontal.wrl
03-14 14:58:04 com_github_MitjaNemec_Archive3DModels.archive_3d_models 150:Remapping: ${KIPRJMOD}/packages3D/BarrelJack_Horizontal.wrl
03-14 14:58:04 com_github_MitjaNemec_Archive3DModels.archive_3d_models 51:Getting 3D models for footprint of: BARRA_DE_PINO2
03-14 14:58:04 com_github_MitjaNemec_Archive3DModels.archive_3d_models 63:Trying to copy: ${KIPRJMOD}/packages3D/Waveshare_FT232RL_USB-C.step
03-14 14:58:04 com_github_MitjaNemec_Archive3DModels.archive_3d_models 150:Remapping: ${KIPRJMOD}/packages3D/Waveshare_FT232RL_USB-C.step
03-14 14:58:04 com_github_MitjaNemec_Archive3DModels.archive_3d_models 63:Trying to copy: ${KIPRJMOD}/packages3D/6-Pin Header - Female - 2.54mm.step
03-14 14:58:04 com_github_MitjaNemec_Archive3DModels.archive_3d_models 150:Remapping: ${KIPRJMOD}/packages3D/6-Pin Header - Female - 2.54mm.step
03-14 14:58:04 com_github_MitjaNemec_Archive3DModels.archive_3d_models 51:Getting 3D models for footprint of: A2
03-14 14:58:04 com_github_MitjaNemec_Archive3DModels.archive_3d_models 63:Trying to copy: ${KIPRJMOD}/packages3D/8-Pin Header - Female - 2.54mm.step
03-14 14:58:04 com_github_MitjaNemec_Archive3DModels.archive_3d_models 150:Remapping: ${KIPRJMOD}/packages3D/8-Pin Header - Female - 2.54mm.step
03-14 14:58:04 com_github_MitjaNemec_Archive3DModels.archive_3d_models 63:Trying to copy: ${KIPRJMOD}/packages3D/6-Pin Header - Female - 2.54mm.step
03-14 14:58:04 com_github_MitjaNemec_Archive3DModels.archive_3d_models 150:Remapping: ${KIPRJMOD}/packages3D/6-Pin Header - Female - 2.54mm.step
03-14 14:58:04 com_github_MitjaNemec_Archive3DModels.archive_3d_models 63:Trying to copy: ${KIPRJMOD}/packages3D/8-Pin Header - Female - 2.54mm.step
03-14 14:58:04 com_github_MitjaNemec_Archive3DModels.archive_3d_models 150:Remapping: ${KIPRJMOD}/packages3D/8-Pin Header - Female - 2.54mm.step
03-14 14:58:04 com_github_MitjaNemec_Archive3DModels.archive_3d_models 63:Trying to copy: ${KIPRJMOD}/packages3D/10-Pin Header - Female - 2.54mm.step
03-14 14:58:04 com_github_MitjaNemec_Archive3DModels.archive_3d_models 150:Remapping: ${KIPRJMOD}/packages3D/10-Pin Header - Female - 2.54mm.step
03-14 14:58:04 com_github_MitjaNemec_Archive3DModels.archive_3d_models 51:Getting 3D models for footprint of: KR1
03-14 14:58:04 com_github_MitjaNemec_Archive3DModels.archive_3d_models 63:Trying to copy: ${KIPRJMOD}/packages3D/Crystal_SMD_HC49-SD.wrl
03-14 14:58:04 com_github_MitjaNemec_Archive3DModels.archive_3d_models 150:Remapping: ${KIPRJMOD}/packages3D/Crystal_SMD_HC49-SD.wrl
03-14 14:58:04 com_github_MitjaNemec_Archive3DModels.archive_3d_models 51:Getting 3D models for footprint of: C2
03-14 14:58:04 com_github_MitjaNemec_Archive3DModels.archive_3d_models 63:Trying to copy: ${KIPRJMOD}/packages3D/CP_Elec_4x5.4.wrl
03-14 14:58:04 com_github_MitjaNemec_Archive3DModels.archive_3d_models 150:Remapping: ${KIPRJMOD}/packages3D/CP_Elec_4x5.4.wrl
03-14 14:58:04 com_github_MitjaNemec_Archive3DModels.archive_3d_models 51:Getting 3D models for footprint of: C7
03-14 14:58:04 com_github_MitjaNemec_Archive3DModels.archive_3d_models 63:Trying to copy: ${KIPRJMOD}/packages3D/C_0805_2012Metric.wrl
03-14 14:58:04 com_github_MitjaNemec_Archive3DModels.archive_3d_models 150:Remapping: ${KIPRJMOD}/packages3D/C_0805_2012Metric.wrl
03-14 14:58:04 com_github_MitjaNemec_Archive3DModels.archive_3d_models 51:Getting 3D models for footprint of: REGULADOR_5V1
03-14 14:58:04 com_github_MitjaNemec_Archive3DModels.archive_3d_models 63:Trying to copy: ${KIPRJMOD}/packages3D/AMS1117_5V_axisY.step
03-14 14:58:04 com_github_MitjaNemec_Archive3DModels.archive_3d_models 150:Remapping: ${KIPRJMOD}/packages3D/AMS1117_5V_axisY.step
03-14 14:58:04 com_github_MitjaNemec_Archive3DModels.archive_3d_models 51:Getting 3D models for footprint of: U2
03-14 14:58:04 com_github_MitjaNemec_Archive3DModels.archive_3d_models 63:Trying to copy: ${KIPRJMOD}/packages3D/ATmega_AP214.STEP
03-14 14:58:04 com_github_MitjaNemec_Archive3DModels.archive_3d_models 150:Remapping: ${KIPRJMOD}/packages3D/ATmega_AP214.STEP
03-14 14:58:04 com_github_MitjaNemec_Archive3DModels.archive_3d_models 51:Getting 3D models for footprint of: TP1
03-14 14:58:04 com_github_MitjaNemec_Archive3DModels.archive_3d_models 51:Getting 3D models for footprint of: D1
03-14 14:58:04 com_github_MitjaNemec_Archive3DModels.archive_3d_models 63:Trying to copy: ${KIPRJMOD}/packages3D/D_SMA.wrl
03-14 14:58:04 com_github_MitjaNemec_Archive3DModels.archive_3d_models 150:Remapping: ${KIPRJMOD}/packages3D/D_SMA.wrl
03-14 14:58:04 com_github_MitjaNemec_Archive3DModels.archive_3d_models 51:Getting 3D models for footprint of: R1
03-14 14:58:04 com_github_MitjaNemec_Archive3DModels.archive_3d_models 63:Trying to copy: ${KIPRJMOD}/packages3D/R_1206_3216Metric.wrl
03-14 14:58:04 com_github_MitjaNemec_Archive3DModels.archive_3d_models 150:Remapping: ${KIPRJMOD}/packages3D/R_1206_3216Metric.wrl
03-14 14:58:04 com_github_MitjaNemec_Archive3DModels.archive_3d_models 51:Getting 3D models for footprint of: C5
03-14 14:58:04 com_github_MitjaNemec_Archive3DModels.archive_3d_models 63:Trying to copy: ${KIPRJMOD}/packages3D/C_0805_2012Metric.wrl
03-14 14:58:04 com_github_MitjaNemec_Archive3DModels.archive_3d_models 150:Remapping: ${KIPRJMOD}/packages3D/C_0805_2012Metric.wrl
03-14 14:58:04 com_github_MitjaNemec_Archive3DModels.archive_3d_models 51:Getting 3D models for footprint of: G***
03-14 14:58:04 com_github_MitjaNemec_Archive3DModels.archive_3d_models 51:Getting 3D models for footprint of: C4
03-14 14:58:04 com_github_MitjaNemec_Archive3DModels.archive_3d_models 63:Trying to copy: ${KIPRJMOD}/packages3D/C_0805_2012Metric.wrl
03-14 14:58:04 com_github_MitjaNemec_Archive3DModels.archive_3d_models 150:Remapping: ${KIPRJMOD}/packages3D/C_0805_2012Metric.wrl
03-14 14:58:04 com_github_MitjaNemec_Archive3DModels.archive_3d_models 51:Getting 3D models for footprint of: G***
03-14 14:58:04 com_github_MitjaNemec_Archive3DModels.archive_3d_models 51:Getting 3D models for footprint of: G***
03-14 14:58:04 com_github_MitjaNemec_Archive3DModels.archive_3d_models 51:Getting 3D models for footprint of: C3
03-14 14:58:04 com_github_MitjaNemec_Archive3DModels.archive_3d_models 63:Trying to copy: ${KIPRJMOD}/packages3D/CP_Elec_4x5.4.wrl
03-14 14:58:04 com_github_MitjaNemec_Archive3DModels.archive_3d_models 150:Remapping: ${KIPRJMOD}/packages3D/CP_Elec_4x5.4.wrl
03-14 14:58:04 com_github_MitjaNemec_Archive3DModels.archive_3d_models 51:Getting 3D models for footprint of: REF**
03-14 14:58:04 com_github_MitjaNemec_Archive3DModels.archive_3d_models 51:Getting 3D models for footprint of: R2
03-14 14:58:04 com_github_MitjaNemec_Archive3DModels.archive_3d_models 63:Trying to copy: ${KIPRJMOD}/packages3D/R_1206_3216Metric.wrl
03-14 14:58:04 com_github_MitjaNemec_Archive3DModels.archive_3d_models 150:Remapping: ${KIPRJMOD}/packages3D/R_1206_3216Metric.wrl
03-14 14:58:04 com_github_MitjaNemec_Archive3DModels.archive_3d_models 51:Getting 3D models for footprint of: REF**
